<?xml version="1.0" encoding="UTF-8"?>
<robot generator="Robot 7.0 (Python 3.12.2 on win32)" generated="2024-07-11T12:46:35.863362" rpa="false" schemaversion="5">
<suite id="s1" name="Practice Automation" source="C:\Users\AOF_ANUCHA\Desktop\practice-automation Robotframework\testcase\practice automation.robot">
<kw name="Open Chrome Browser" owner="CommonKeywords" type="SETUP">
<kw name="Open Browser" owner="SeleniumLibrary">
<msg time="2024-07-11T12:46:36.468853" level="INFO">Opening browser 'chrome' to base url 'https://practice-automation.com/'.</msg>
<arg>${URL}</arg>
<arg>chrome</arg>
<doc>Opens a new browser instance to the optional ``url``.</doc>
<status status="PASS" start="2024-07-11T12:46:36.467860" elapsed="4.975617"/>
</kw>
<kw name="Maximize Browser Window" owner="SeleniumLibrary">
<doc>Maximizes current browser window.</doc>
<status status="PASS" start="2024-07-11T12:46:41.443477" elapsed="0.035011"/>
</kw>
<arg>${URL}</arg>
<status status="PASS" start="2024-07-11T12:46:36.466822" elapsed="5.011666"/>
</kw>
<test id="s1-t1" name="Test Form Fields" line="29">
<kw name="Wait until element is ready then click element" owner="CommonKeywords">
<kw name="Wait Until Keyword Succeeds" owner="BuiltIn">
<kw name="Click Element" owner="SeleniumLibrary">
<msg time="2024-07-11T12:46:41.483490" level="INFO">Clicking element '//div[a[text()="Form Fields"]]'.</msg>
<arg>${locator}</arg>
<doc>Click the element identified by ``locator``.</doc>
<status status="PASS" start="2024-07-11T12:46:41.482486" elapsed="1.355958"/>
</kw>
<arg>5x</arg>
<arg>2s</arg>
<arg>Click Element</arg>
<arg>${locator}</arg>
<doc>Runs the specified keyword and retries if it fails.</doc>
<status status="PASS" start="2024-07-11T12:46:41.481501" elapsed="1.356943"/>
</kw>
<arg>//div[a[text()="Form Fields"]]</arg>
<status status="PASS" start="2024-07-11T12:46:41.480489" elapsed="1.357955"/>
</kw>
<kw name="Wait until element is ready then input text" owner="CommonKeywords">
<kw name="Wait Until Keyword Succeeds" owner="BuiltIn">
<kw name="Input Text" owner="SeleniumLibrary">
<msg time="2024-07-11T12:46:42.840405" level="INFO">Typing text 'AOF' into text field 'id=name'.</msg>
<arg>${locator}</arg>
<arg>${text}</arg>
<doc>Types the given ``text`` into the text field identified by ``locator``.</doc>
<status status="PASS" start="2024-07-11T12:46:42.839403" elapsed="0.209667"/>
</kw>
<arg>5x</arg>
<arg>2s</arg>
<arg>Input Text</arg>
<arg>${locator}</arg>
<arg>${text}</arg>
<doc>Runs the specified keyword and retries if it fails.</doc>
<status status="PASS" start="2024-07-11T12:46:42.839403" elapsed="0.209667"/>
</kw>
<arg>id=name</arg>
<arg>AOF</arg>
<status status="PASS" start="2024-07-11T12:46:42.839403" elapsed="0.209667"/>
</kw>
<kw name="Textfield Value Should Be" owner="SeleniumLibrary">
<msg time="2024-07-11T12:46:43.112103" level="INFO">Content of text field 'id=name' is 'AOF'.</msg>
<arg>id=name</arg>
<arg>AOF</arg>
<doc>Verifies text field ``locator`` has exactly text ``expected``.</doc>
<status status="PASS" start="2024-07-11T12:46:43.051076" elapsed="0.061027"/>
</kw>
<kw name="Checkbox Should Not Be Selected" owner="SeleniumLibrary">
<msg time="2024-07-11T12:46:43.113075" level="INFO">Verifying checkbox 'id=drink1' is not selected.</msg>
<arg>id=drink1</arg>
<doc>Verifies checkbox ``locator`` is not selected/checked.</doc>
<status status="PASS" start="2024-07-11T12:46:43.113075" elapsed="0.046996"/>
</kw>
<kw name="Click Element" owner="SeleniumLibrary">
<msg time="2024-07-11T12:46:43.161108" level="INFO">Clicking element 'id=drink1'.</msg>
<arg>id=drink1</arg>
<doc>Click the element identified by ``locator``.</doc>
<status status="PASS" start="2024-07-11T12:46:43.161108" elapsed="0.061625"/>
</kw>
<kw name="Click Element" owner="SeleniumLibrary">
<msg time="2024-07-11T12:46:43.223730" level="INFO">Clicking element 'id=drink3'.</msg>
<arg>id=drink3</arg>
<doc>Click the element identified by ``locator``.</doc>
<status status="PASS" start="2024-07-11T12:46:43.223730" elapsed="0.064942"/>
</kw>
<kw name="Checkbox Should Be Selected" owner="SeleniumLibrary">
<msg time="2024-07-11T12:46:43.290675" level="INFO">Verifying checkbox 'id=drink1' is selected.</msg>
<arg>id=drink1</arg>
<doc>Verifies checkbox ``locator`` is selected/checked.</doc>
<status status="PASS" start="2024-07-11T12:46:43.289686" elapsed="0.037703"/>
</kw>
<kw name="Scroll Element Into View" owner="SeleniumLibrary">
<arg>//label[text()="#FFC0CB"]</arg>
<doc>Scrolls the element identified by ``locator`` into view.</doc>
<status status="PASS" start="2024-07-11T12:46:43.328390" elapsed="0.286173"/>
</kw>
<kw name="Radio Button Should Not Be Selected" owner="SeleniumLibrary">
<msg time="2024-07-11T12:46:43.616521" level="INFO">Verifying radio button 'fav_color' has no selection.</msg>
<arg>fav_color</arg>
<doc>Verifies radio button group ``group_name`` has no selection.</doc>
<status status="PASS" start="2024-07-11T12:46:43.616521" elapsed="0.120708"/>
</kw>
<kw name="Select Radio Button" owner="SeleniumLibrary">
<msg time="2024-07-11T12:46:43.739227" level="INFO">Selecting 'Green' from radio button 'fav_color'.</msg>
<arg>fav_color</arg>
<arg>Green</arg>
<doc>Sets the radio button group ``group_name`` to ``value``.</doc>
<status status="PASS" start="2024-07-11T12:46:43.738197" elapsed="0.093041"/>
</kw>
<kw name="Run Keyword And Continue On Failure" owner="BuiltIn">
<kw name="Radio Button Should Be Set To" owner="SeleniumLibrary">
<msg time="2024-07-11T12:46:43.832237" level="INFO">Verifying radio button 'fav_color' has selection 'Red'.</msg>
<msg time="2024-07-11T12:46:44.006899" level="INFO" html="true">&lt;/td&gt;&lt;/tr&gt;&lt;tr&gt;&lt;td colspan="3"&gt;&lt;a href="selenium-screenshot-12.png"&gt;&lt;img src="selenium-screenshot-12.png" width="800px"&gt;&lt;/a&gt;</msg>
<msg time="2024-07-11T12:46:44.006899" level="FAIL">Selection of radio button 'fav_color' should have been 'Red' but was 'Green'.</msg>
<arg>fav_color</arg>
<arg>Red</arg>
<doc>Verifies radio button group ``group_name`` is set to ``value``.</doc>
<status status="FAIL" start="2024-07-11T12:46:43.832237" elapsed="0.179898">Selection of radio button 'fav_color' should have been 'Red' but was 'Green'.</status>
</kw>
<arg>Radio Button Should Be Set To</arg>
<arg>fav_color</arg>
<arg>Red</arg>
<doc>Runs the keyword and continues execution even if a failure occurs.</doc>
<status status="FAIL" start="2024-07-11T12:46:43.831238" elapsed="0.180897">Selection of radio button 'fav_color' should have been 'Red' but was 'Green'.</status>
</kw>
<kw name="Radio Button Should Be Set To" owner="SeleniumLibrary">
<msg time="2024-07-11T12:46:44.012950" level="INFO">Verifying radio button 'fav_color' has selection 'Green'.</msg>
<arg>fav_color</arg>
<arg>Green</arg>
<doc>Verifies radio button group ``group_name`` is set to ``value``.</doc>
<status status="PASS" start="2024-07-11T12:46:44.012950" elapsed="0.054054"/>
</kw>
<kw name="Select From List By Value" owner="SeleniumLibrary">
<msg time="2024-07-11T12:46:44.067991" level="INFO">Selecting options from selection list 'id=siblings' by value maybe.</msg>
<arg>id=siblings</arg>
<arg>maybe</arg>
<doc>Selects options from selection list ``locator`` by ``values``.</doc>
<status status="PASS" start="2024-07-11T12:46:44.067991" elapsed="0.092775"/>
</kw>
<kw name="Get Selected List Value" owner="SeleniumLibrary">
<msg time="2024-07-11T12:46:44.259005" level="INFO">${selected_option} = maybe</msg>
<var>${selected_option}</var>
<arg>id=siblings</arg>
<doc>Returns the value of selected option from selection list ``locator``.</doc>
<status status="PASS" start="2024-07-11T12:46:44.161766" elapsed="0.097239"/>
</kw>
<kw name="Should Be Equal As Strings" owner="BuiltIn">
<arg>${selected_option}</arg>
<arg>maybe</arg>
<doc>Fails if objects are unequal after converting them to strings.</doc>
<status status="PASS" start="2024-07-11T12:46:44.259997" elapsed="0.000000"/>
</kw>
<kw name="Wait until element is ready then input text" owner="CommonKeywords">
<kw name="Wait Until Keyword Succeeds" owner="BuiltIn">
<kw name="Input Text" owner="SeleniumLibrary">
<msg time="2024-07-11T12:46:44.261998" level="INFO">Typing text 'test@email.com' into text field 'id=email'.</msg>
<arg>${locator}</arg>
<arg>${text}</arg>
<doc>Types the given ``text`` into the text field identified by ``locator``.</doc>
<status status="PASS" start="2024-07-11T12:46:44.261998" elapsed="0.137882"/>
</kw>
<arg>5x</arg>
<arg>2s</arg>
<arg>Input Text</arg>
<arg>${locator}</arg>
<arg>${text}</arg>
<doc>Runs the specified keyword and retries if it fails.</doc>
<status status="PASS" start="2024-07-11T12:46:44.261998" elapsed="0.137882"/>
</kw>
<arg>id=email</arg>
<arg>test@email.com</arg>
<status status="PASS" start="2024-07-11T12:46:44.260996" elapsed="0.138884"/>
</kw>
<kw name="Input Text" owner="SeleniumLibrary">
<msg time="2024-07-11T12:46:44.401879" level="INFO">Typing text 'This is a test comment.' into text field 'id=message'.</msg>
<arg>id=message</arg>
<arg>This is a test comment.</arg>
<doc>Types the given ``text`` into the text field identified by ``locator``.</doc>
<status status="PASS" start="2024-07-11T12:46:44.400879" elapsed="0.154000"/>
</kw>
<kw name="Get Value" owner="SeleniumLibrary">
<msg time="2024-07-11T12:46:44.573878" level="INFO">${textarea_value} = This is a test comment.</msg>
<var>${textarea_value}</var>
<arg>id=message</arg>
<doc>Returns the value attribute of the element identified by ``locator``.</doc>
<status status="PASS" start="2024-07-11T12:46:44.555879" elapsed="0.017999"/>
</kw>
<kw name="Should Be Equal As Strings" owner="BuiltIn">
<arg>${textarea_value}</arg>
<arg>This is a test comment.</arg>
<doc>Fails if objects are unequal after converting them to strings.</doc>
<status status="PASS" start="2024-07-11T12:46:44.573878" elapsed="0.001003"/>
</kw>
<kw name="Wait until element is ready then click element" owner="CommonKeywords">
<kw name="Wait Until Keyword Succeeds" owner="BuiltIn">
<kw name="Click Element" owner="SeleniumLibrary">
<msg time="2024-07-11T12:46:44.576886" level="INFO">Clicking element 'id=submit-btn'.</msg>
<msg time="2024-07-11T12:46:45.800798" level="INFO" html="true">&lt;/td&gt;&lt;/tr&gt;&lt;tr&gt;&lt;td colspan="3"&gt;&lt;a href="selenium-screenshot-13.png"&gt;&lt;img src="selenium-screenshot-13.png" width="800px"&gt;&lt;/a&gt;</msg>
<msg time="2024-07-11T12:46:45.800798" level="FAIL">ElementClickInterceptedException: Message: element click intercepted: Element is not clickable at point (152, 1115)
  (Session info: chrome=126.0.6478.127)
Stacktrace:
	GetHandleVerifier [0x00007FF62E46EEA2+31554]
	(No symbol) [0x00007FF62E3E7ED9]
	(No symbol) [0x00007FF62E2A872A]
	(No symbol) [0x00007FF62E30012E]
	(No symbol) [0x00007FF62E2FDAF2]
	(No symbol) [0x00007FF62E2FAF8B]
	(No symbol) [0x00007FF62E2FA156]
	(No symbol) [0x00007FF62E2EC151]
	(No symbol) [0x00007FF62E31D02A]
	(No symbol) [0x00007FF62E2EBA76]
	(No symbol) [0x00007FF62E31D240]
	(No symbol) [0x00007FF62E33C977]
	(No symbol) [0x00007FF62E31CDD3]
	(No symbol) [0x00007FF62E2EA33B]
	(No symbol) [0x00007FF62E2EAED1]
	GetHandleVerifier [0x00007FF62E778B1D+3217341]
	GetHandleVerifier [0x00007FF62E7C5AE3+3532675]
	GetHandleVerifier [0x00007FF62E7BB0E0+3489152]
	GetHandleVerifier [0x00007FF62E51E776+750614]
	(No symbol) [0x00007FF62E3F375F]
	(No symbol) [0x00007FF62E3EEB14]
	(No symbol) [0x00007FF62E3EECA2]
	(No symbol) [0x00007FF62E3DE16F]
	BaseThreadInitThunk [0x00007FFC8DB27374+20]
	RtlUserThreadStart [0x00007FFC8EC3CC91+33]
</msg>
<arg>${locator}</arg>
<doc>Click the element identified by ``locator``.</doc>
<status status="FAIL" start="2024-07-11T12:46:44.575880" elapsed="1.230917">ElementClickInterceptedException: Message: element click intercepted: Element is not clickable at point (152, 1115)
  (Session info: chrome=126.0.6478.127)
Stacktrace:
	GetHandleVerifier [0x00007FF62E46EEA2+31554]
	(No symbol) [0x00007FF62E3E7ED9]
	(No symbol) [0x00007FF62E2A872A]
	(No symbol) [0x00007FF62E30012E]
	(No symbol) [0x00007FF62E2FDAF2]
	(No symbol) [0x00007FF62E2FAF8B]
	(No symbol) [0x00007FF62E2FA156]
	(No symbol) [0x00007FF62E2EC151]
	(No symbol) [0x00007FF62E31D02A]
	(No symbol) [0x00007FF62E2EBA76]
	(No symbol) [0x00007FF62E31D240]
	(No symbol) [0x00007FF62E33C977]
	(No symbol) [0x00007FF62E31CDD3]
	(No symbol) [0x00007FF62E2EA33B]
	(No symbol) [0x00007FF62E2EAED1]
	GetHandleVerifier [0x00007FF62E778B1D+3217341]
	GetHandleVerifier [0x00007FF62E7C5AE3+3532675]
	GetHandleVerifier [0x00007FF62E7BB0E0+3489152]
	GetHandleVerifier [0x00007FF62E51E776+750614]
	(No symbol) [0x00007FF62E3F375F]
	(No symbol) [0x00007FF62E3EEB14]
	(No symbol) [0x00007FF62E3EECA2]
	(No symbol) [0x00007FF62E3DE16F]
	BaseThreadInitThunk [0x00007FFC8DB27374+20]
	RtlUserThreadStart [0x00007FFC8EC3CC91+33]
</status>
</kw>
<kw name="Click Element" owner="SeleniumLibrary">
<msg time="2024-07-11T12:46:47.808252" level="INFO">Clicking element 'id=submit-btn'.</msg>
<arg>${locator}</arg>
<doc>Click the element identified by ``locator``.</doc>
<status status="PASS" start="2024-07-11T12:46:47.807175" elapsed="0.134825"/>
</kw>
<arg>5x</arg>
<arg>2s</arg>
<arg>Click Element</arg>
<arg>${locator}</arg>
<doc>Runs the specified keyword and retries if it fails.</doc>
<status status="PASS" start="2024-07-11T12:46:44.575880" elapsed="3.366120"/>
</kw>
<arg>id=submit-btn</arg>
<status status="PASS" start="2024-07-11T12:46:44.574881" elapsed="3.368168"/>
</kw>
<kw name="Set Variable" owner="BuiltIn">
<msg time="2024-07-11T12:46:47.944005" level="INFO">${alert_message} = Get Alert Message</msg>
<var>${alert_message}</var>
<arg>Get Alert Message</arg>
<doc>Returns the given values which can then be assigned to a variables.</doc>
<status status="PASS" start="2024-07-11T12:46:47.944005" elapsed="0.000000"/>
</kw>
<kw name="Log" owner="BuiltIn">
<msg time="2024-07-11T12:46:47.945000" level="INFO">Get Alert Message</msg>
<arg>${alert_message}</arg>
<doc>Logs the given message with the given level.</doc>
<status status="PASS" start="2024-07-11T12:46:47.945000" elapsed="0.000000"/>
</kw>
<kw name="Handle Alert" owner="SeleniumLibrary">
<msg time="2024-07-11T12:46:47.946001" level="INFO">HANDLE::&lt;class 'NoneType'&gt;::None</msg>
<arg>ACCEPT</arg>
<doc>Handles the current alert and returns its message.</doc>
<status status="PASS" start="2024-07-11T12:46:47.945000" elapsed="0.009004"/>
</kw>
<kw name="Capture Page Screenshot" owner="SeleniumLibrary">
<msg time="2024-07-11T12:46:48.129006" level="INFO" html="true">&lt;/td&gt;&lt;/tr&gt;&lt;tr&gt;&lt;td colspan="3"&gt;&lt;a href="Test%20Form%20Fields.png"&gt;&lt;img src="Test%20Form%20Fields.png" width="800px"&gt;&lt;/a&gt;</msg>
<arg>filename=${TEST_NAME}.png</arg>
<doc>Takes a screenshot of the current page and embeds it into a log file.</doc>
<status status="PASS" start="2024-07-11T12:46:47.955010" elapsed="0.173996"/>
</kw>
<kw name="Go To Homepage" owner="CommonKeywords" type="TEARDOWN">
<kw name="Go To" owner="SeleniumLibrary">
<msg time="2024-07-11T12:46:48.131005" level="INFO">Opening url 'https://practice-automation.com/'</msg>
<arg>${HOMEPAGE_URL}</arg>
<doc>Navigates the current browser window to the provided ``url``.</doc>
<status status="PASS" start="2024-07-11T12:46:48.131005" elapsed="1.492433"/>
</kw>
<arg>${HOMEPAGE_URL}</arg>
<status status="PASS" start="2024-07-11T12:46:48.131005" elapsed="1.492433"/>
</kw>
<status status="FAIL" start="2024-07-11T12:46:41.478488" elapsed="8.145949">Selection of radio button 'fav_color' should have been 'Red' but was 'Green'.</status>
</test>
<status status="FAIL" start="2024-07-11T12:46:35.864363" elapsed="13.762074"/>
</suite>
<statistics>
<total>
<stat pass="0" fail="1" skip="0">All Tests</stat>
</total>
<tag>
</tag>
<suite>
<stat pass="0" fail="1" skip="0" id="s1" name="Practice Automation">Practice Automation</stat>
</suite>
</statistics>
<errors>
</errors>
</robot>
